[debug] [2026-05-10T17:40:20.667Z] ----------------------------------------------------------------------
[debug] [2026-05-10T17:40:20.671Z] Command:       C:\Program Files\nodejs\node.exe C:\Users\barba\AppData\Roaming\npm\node_modules\firebase-tools\lib\bin\firebase.js init
[debug] [2026-05-10T17:40:20.671Z] CLI Version:   15.17.0
[debug] [2026-05-10T17:40:20.671Z] Platform:      win32
[debug] [2026-05-10T17:40:20.672Z] Node Version:  v24.15.0
[debug] [2026-05-10T17:40:20.672Z] Time:          Sun May 10 2026 14:40:20 GMT-0300 (Horário Padrão de Brasília)
[debug] [2026-05-10T17:40:20.672Z] ----------------------------------------------------------------------
[debug] 
[info] 
     ######## #### ########  ######## ########     ###     ######  ########
     ##        ##  ##     ## ##       ##     ##  ##   ##  ##       ##
     ######    ##  ########  ######   ########  #########  ######  ######
     ##        ##  ##    ##  ##       ##     ## ##     ##       ## ##
     ##       #### ##     ## ######## ########  ##     ##  ######  ########

You're about to initialize a Firebase project in this directory:

  C:\Users\barba\Local\SP-car-clean

[info] 
=== Project Setup
[info] 
[info] First, let's associate this project directory with a Firebase project.
[info] You can create multiple project aliases by running firebase use --add, 
[info] 
[debug] [2026-05-10T18:31:03.395Z] > command requires scopes: ["email","openid","https://www.googleapis.com/auth/cloudplatformprojects.readonly","https://www.googleapis.com/auth/firebase","https://www.googleapis.com/auth/cloud-platform"]
[debug] [2026-05-10T18:31:03.396Z] > authorizing via signed-in user (barbaraventura93@gmail.com)
[debug] [2026-05-10T18:31:03.401Z] Checked if tokens are valid: false, expires at: 1778438406807
[debug] [2026-05-10T18:31:03.402Z] Checked if tokens are valid: false, expires at: 1778438406807
[debug] [2026-05-10T18:31:03.402Z] > refreshing access token with scopes: []
[debug] [2026-05-10T18:31:03.405Z] >>> [apiv2][query] POST https://www.googleapis.com/oauth2/v3/token [none]
[debug] [2026-05-10T18:31:03.405Z] >>> [apiv2][body] POST https://www.googleapis.com/oauth2/v3/token [omitted]
[debug] [2026-05-10T18:31:03.867Z] <<< [apiv2][status] POST https://www.googleapis.com/oauth2/v3/token 200
[debug] [2026-05-10T18:31:03.867Z] <<< [apiv2][body] POST https://www.googleapis.com/oauth2/v3/token [omitted]
[debug] [2026-05-10T18:31:03.894Z] >>> [apiv2][query] GET https://firebase.googleapis.com/v1beta1/projects pageSize=100
[debug] [2026-05-10T18:31:04.610Z] <<< [apiv2][status] GET https://firebase.googleapis.com/v1beta1/projects 200
[debug] [2026-05-10T18:31:04.610Z] <<< [apiv2][body] GET https://firebase.googleapis.com/v1beta1/projects [omitted]
[info] 
=== Dataconnect Setup
[info] i  dataconnect: ensuring required API firebasedataconnect.googleapis.com is enabled... 
[debug] [2026-05-10T18:31:14.016Z] Checked if tokens are valid: true, expires at: 1778441462867
[debug] [2026-05-10T18:31:14.016Z] Checked if tokens are valid: true, expires at: 1778441462867
[info] i  dataconnect: ensuring required API sqladmin.googleapis.com is enabled... 
[debug] [2026-05-10T18:31:14.016Z] Checked if tokens are valid: true, expires at: 1778441462867
[debug] [2026-05-10T18:31:14.016Z] Checked if tokens are valid: true, expires at: 1778441462867
[debug] [2026-05-10T18:31:14.016Z] >>> [apiv2][query] GET https://serviceusage.googleapis.com/v1/projects/sp-car-clean/services/firebasedataconnect.googleapis.com [none]
[debug] [2026-05-10T18:31:14.018Z] >>> [apiv2][(partial)header] GET https://serviceusage.googleapis.com/v1/projects/sp-car-clean/services/firebasedataconnect.googleapis.com  x-goog-user-project=sp-car-clean
[debug] [2026-05-10T18:31:14.019Z] >>> [apiv2][query] GET https://serviceusage.googleapis.com/v1/projects/sp-car-clean/services/sqladmin.googleapis.com [none]
[debug] [2026-05-10T18:31:14.019Z] >>> [apiv2][(partial)header] GET https://serviceusage.googleapis.com/v1/projects/sp-car-clean/services/sqladmin.googleapis.com  x-goog-user-project=sp-car-clean
[debug] [2026-05-10T18:31:15.049Z] <<< [apiv2][status] GET https://serviceusage.googleapis.com/v1/projects/sp-car-clean/services/sqladmin.googleapis.com 200
[debug] [2026-05-10T18:31:15.049Z] <<< [apiv2][body] GET https://serviceusage.googleapis.com/v1/projects/sp-car-clean/services/sqladmin.googleapis.com [omitted]
[warn] !  dataconnect: missing required API sqladmin.googleapis.com. Enabling now... 
[debug] [2026-05-10T18:31:15.050Z] Checked if tokens are valid: true, expires at: 1778441462867
[debug] [2026-05-10T18:31:15.050Z] Checked if tokens are valid: true, expires at: 1778441462867
[debug] [2026-05-10T18:31:15.051Z] >>> [apiv2][query] POST https://serviceusage.googleapis.com/v1/projects/sp-car-clean/services/sqladmin.googleapis.com:enable [none]
[debug] [2026-05-10T18:31:15.051Z] >>> [apiv2][(partial)header] POST https://serviceusage.googleapis.com/v1/projects/sp-car-clean/services/sqladmin.googleapis.com:enable  x-goog-user-project=sp-car-clean
[debug] [2026-05-10T18:31:15.164Z] <<< [apiv2][status] GET https://serviceusage.googleapis.com/v1/projects/sp-car-clean/services/firebasedataconnect.googleapis.com 200
[debug] [2026-05-10T18:31:15.165Z] <<< [apiv2][body] GET https://serviceusage.googleapis.com/v1/projects/sp-car-clean/services/firebasedataconnect.googleapis.com [omitted]
[warn] !  dataconnect: missing required API firebasedataconnect.googleapis.com. Enabling now... 
[debug] [2026-05-10T18:31:15.165Z] Checked if tokens are valid: true, expires at: 1778441462867
[debug] [2026-05-10T18:31:15.165Z] Checked if tokens are valid: true, expires at: 1778441462867
[debug] [2026-05-10T18:31:15.165Z] >>> [apiv2][query] POST https://serviceusage.googleapis.com/v1/projects/sp-car-clean/services/firebasedataconnect.googleapis.com:enable [none]
[debug] [2026-05-10T18:31:15.165Z] >>> [apiv2][(partial)header] POST https://serviceusage.googleapis.com/v1/projects/sp-car-clean/services/firebasedataconnect.googleapis.com:enable  x-goog-user-project=sp-car-clean
[debug] [2026-05-10T18:31:16.315Z] <<< [apiv2][status] POST https://serviceusage.googleapis.com/v1/projects/sp-car-clean/services/sqladmin.googleapis.com:enable 200
[debug] [2026-05-10T18:31:16.316Z] <<< [apiv2][body] POST https://serviceusage.googleapis.com/v1/projects/sp-car-clean/services/sqladmin.googleapis.com:enable [omitted]
[debug] [2026-05-10T18:31:16.476Z] <<< [apiv2][status] POST https://serviceusage.googleapis.com/v1/projects/sp-car-clean/services/firebasedataconnect.googleapis.com:enable 200
[debug] [2026-05-10T18:31:16.477Z] <<< [apiv2][body] POST https://serviceusage.googleapis.com/v1/projects/sp-car-clean/services/firebasedataconnect.googleapis.com:enable [omitted]
[debug] [2026-05-10T18:31:26.506Z] Checked if tokens are valid: true, expires at: 1778441462867
[debug] [2026-05-10T18:31:26.506Z] Checked if tokens are valid: true, expires at: 1778441462867
[debug] [2026-05-10T18:31:26.507Z] >>> [apiv2][query] GET https://firebasedataconnect.googleapis.com/v1/projects/sp-car-clean/locations/-/services [none]
[debug] [2026-05-10T18:31:27.956Z] <<< [apiv2][status] GET https://firebasedataconnect.googleapis.com/v1/projects/sp-car-clean/locations/-/services 200
[debug] [2026-05-10T18:31:27.956Z] <<< [apiv2][body] GET https://firebasedataconnect.googleapis.com/v1/projects/sp-car-clean/locations/-/services {}
